<?xml version="1.0" encoding="UTF-8"?>
<!-- Generated by org.testng.reporters.JUnitReportReporter -->
<testsuite skipped="0" hostname="DESKTOP-4EP5PV7" name="Magentotest" tests="1" failures="0" timestamp="26 Nov 2018 18:23:32 GMT" time="115.296" errors="0">
  <testcase name="posCredentials" time="115.296" classname="Magentotest"/>
</testsuite> <!-- Magentotest -->
